{"timestamp":"2025-10-27T22:28:45.936747Z","level":"INFO","fields":{"message":"=== Market Maker V3 (Generic Bot Runner) ===","log.target":"market_maker_v3","log.module_path":"market_maker_v3","log.file":"src\\bin\\market_maker_v3.rs","log.line":799},"target":"market_maker_v3"}
{"timestamp":"2025-10-27T22:28:45.936861Z","level":"INFO","fields":{"message":"Asset: HYPE","log.target":"market_maker_v3","log.module_path":"market_maker_v3","log.file":"src\\bin\\market_maker_v3.rs","log.line":800},"target":"market_maker_v3"}
{"timestamp":"2025-10-27T22:28:45.936884Z","level":"INFO","fields":{"message":"Strategy: hjb_v1","log.target":"market_maker_v3","log.module_path":"market_maker_v3","log.file":"src\\bin\\market_maker_v3.rs","log.line":801},"target":"market_maker_v3"}
{"timestamp":"2025-10-27T22:28:45.936904Z","level":"INFO","fields":{"message":"============================================","log.target":"market_maker_v3","log.module_path":"market_maker_v3","log.file":"src\\bin\\market_maker_v3.rs","log.line":802},"target":"market_maker_v3"}
{"timestamp":"2025-10-27T22:28:45.936925Z","level":"INFO","fields":{"message":"Loading strategy: HJB Strategy v2","log.target":"market_maker_v3","log.module_path":"market_maker_v3","log.file":"src\\bin\\market_maker_v3.rs","log.line":807},"target":"market_maker_v3"}
{"timestamp":"2025-10-27T22:28:45.937577Z","level":"INFO","fields":{"message":"✅ Initialized HJB Strategy for HYPE","log.target":"hyperliquid_rust_sdk::strategies::hjb_strategy","log.module_path":"hyperliquid_rust_sdk::strategies::hjb_strategy","log.file":"src\\strategies\\hjb_strategy.rs","log.line":358},"target":"hyperliquid_rust_sdk::strategies::hjb_strategy"}
{"timestamp":"2025-10-27T22:28:45.937616Z","level":"INFO","fields":{"message":"   - Trading enabled: true","log.target":"hyperliquid_rust_sdk::strategies::hjb_strategy","log.module_path":"hyperliquid_rust_sdk::strategies::hjb_strategy","log.file":"src\\strategies\\hjb_strategy.rs","log.line":359},"target":"hyperliquid_rust_sdk::strategies::hjb_strategy"}
{"timestamp":"2025-10-27T22:28:45.937646Z","level":"INFO","fields":{"message":"   - Multi-level: true","log.target":"hyperliquid_rust_sdk::strategies::hjb_strategy","log.module_path":"hyperliquid_rust_sdk::strategies::hjb_strategy","log.file":"src\\strategies\\hjb_strategy.rs","log.line":360},"target":"hyperliquid_rust_sdk::strategies::hjb_strategy"}
{"timestamp":"2025-10-27T22:28:45.937676Z","level":"INFO","fields":{"message":"   - Robust control: true","log.target":"hyperliquid_rust_sdk::strategies::hjb_strategy","log.module_path":"hyperliquid_rust_sdk::strategies::hjb_strategy","log.file":"src\\strategies\\hjb_strategy.rs","log.line":361},"target":"hyperliquid_rust_sdk::strategies::hjb_strategy"}
{"timestamp":"2025-10-27T22:28:45.937716Z","level":"INFO","fields":{"message":"   - φ (inventory aversion): 0.01","log.target":"hyperliquid_rust_sdk::strategies::hjb_strategy","log.module_path":"hyperliquid_rust_sdk::strategies::hjb_strategy","log.file":"src\\strategies\\hjb_strategy.rs","log.line":362},"target":"hyperliquid_rust_sdk::strategies::hjb_strategy"}
{"timestamp":"2025-10-27T22:28:45.937753Z","level":"INFO","fields":{"message":"   - λ_base (fill rate): 1","log.target":"hyperliquid_rust_sdk::strategies::hjb_strategy","log.module_path":"hyperliquid_rust_sdk::strategies::hjb_strategy","log.file":"src\\strategies\\hjb_strategy.rs","log.line":363},"target":"hyperliquid_rust_sdk::strategies::hjb_strategy"}
{"timestamp":"2025-10-27T22:28:45.937783Z","level":"INFO","fields":{"message":"   - Max position: 50","log.target":"hyperliquid_rust_sdk::strategies::hjb_strategy","log.module_path":"hyperliquid_rust_sdk::strategies::hjb_strategy","log.file":"src\\strategies\\hjb_strategy.rs","log.line":364},"target":"hyperliquid_rust_sdk::strategies::hjb_strategy"}
{"timestamp":"2025-10-27T22:28:47.208245Z","level":"INFO","fields":{"message":"✅ Bot Runner initialized for HYPE with strategy: HJB Strategy v2","log.target":"market_maker_v3","log.module_path":"market_maker_v3","log.file":"src\\bin\\market_maker_v3.rs","log.line":216},"target":"market_maker_v3"}
{"timestamp":"2025-10-27T22:28:47.208315Z","level":"INFO","fields":{"message":"   Account Equity: $79.01","log.target":"market_maker_v3","log.module_path":"market_maker_v3","log.file":"src\\bin\\market_maker_v3.rs","log.line":217},"target":"market_maker_v3"}
{"timestamp":"2025-10-27T22:28:47.208384Z","level":"INFO","fields":{"message":"🚀 Starting bot runner event loop...","log.target":"market_maker_v3","log.module_path":"market_maker_v3","log.file":"src\\bin\\market_maker_v3.rs","log.line":240},"target":"market_maker_v3"}
{"timestamp":"2025-10-27T22:28:47.543058Z","level":"INFO","fields":{"message":"✅ WebSocket subscriptions established","log.target":"market_maker_v3","log.module_path":"market_maker_v3","log.file":"src\\bin\\market_maker_v3.rs","log.line":280},"target":"market_maker_v3"}
{"timestamp":"2025-10-27T22:28:49.049143Z","level":"INFO","fields":{"message":"✅ Order placed: BUY 0.5 @ 48.709 (oid: 214327503215)","log.target":"market_maker_v3","log.module_path":"market_maker_v3","log.file":"src\\bin\\market_maker_v3.rs","log.line":591},"target":"market_maker_v3"}
{"timestamp":"2025-10-27T22:28:50.238283Z","level":"ERROR","fields":{"message":"❌ Order placement failed: Order has invalid size.","log.target":"market_maker_v3","log.module_path":"market_maker_v3","log.file":"src\\bin\\market_maker_v3.rs","log.line":629},"target":"market_maker_v3"}
{"timestamp":"2025-10-27T22:28:51.533248Z","level":"INFO","fields":{"message":"✅ Order placed: SELL 0.5 @ 48.743 (oid: 214327525372)","log.target":"market_maker_v3","log.module_path":"market_maker_v3","log.file":"src\\bin\\market_maker_v3.rs","log.line":591},"target":"market_maker_v3"}
{"timestamp":"2025-10-27T22:28:52.717708Z","level":"ERROR","fields":{"message":"❌ Order placement failed: Order has invalid size.","log.target":"market_maker_v3","log.module_path":"market_maker_v3","log.file":"src\\bin\\market_maker_v3.rs","log.line":629},"target":"market_maker_v3"}
{"timestamp":"2025-10-27T22:28:53.931634Z","level":"ERROR","fields":{"message":"❌ Order placement failed: Order has invalid size.","log.target":"market_maker_v3","log.module_path":"market_maker_v3","log.file":"src\\bin\\market_maker_v3.rs","log.line":629},"target":"market_maker_v3"}
{"timestamp":"2025-10-27T22:28:55.254598Z","level":"ERROR","fields":{"message":"❌ Order placement failed: Order has invalid size.","log.target":"market_maker_v3","log.module_path":"market_maker_v3","log.file":"src\\bin\\market_maker_v3.rs","log.line":629},"target":"market_maker_v3"}
{"timestamp":"2025-10-27T22:28:56.614682Z","level":"ERROR","fields":{"message":"❌ Order placement failed: Order has invalid size.","log.target":"market_maker_v3","log.module_path":"market_maker_v3","log.file":"src\\bin\\market_maker_v3.rs","log.line":629},"target":"market_maker_v3"}
{"timestamp":"2025-10-27T22:28:58.008423Z","level":"ERROR","fields":{"message":"❌ Order placement failed: Order has invalid size.","log.target":"market_maker_v3","log.module_path":"market_maker_v3","log.file":"src\\bin\\market_maker_v3.rs","log.line":629},"target":"market_maker_v3"}
{"timestamp":"2025-10-27T22:28:58.726640Z","level":"INFO","fields":{"message":"✅ Order cancelled: oid 214327503215","log.target":"market_maker_v3","log.module_path":"market_maker_v3","log.file":"src\\bin\\market_maker_v3.rs","log.line":653},"target":"market_maker_v3"}
{"timestamp":"2025-10-27T22:28:59.317094Z","level":"INFO","fields":{"message":"✅ Order cancelled: oid 214327525372","log.target":"market_maker_v3","log.module_path":"market_maker_v3","log.file":"src\\bin\\market_maker_v3.rs","log.line":653},"target":"market_maker_v3"}
{"timestamp":"2025-10-27T22:29:00.768204Z","level":"INFO","fields":{"message":"✅ Order placed: BUY 0.5 @ 47.447 (oid: 214327614124)","log.target":"market_maker_v3","log.module_path":"market_maker_v3","log.file":"src\\bin\\market_maker_v3.rs","log.line":591},"target":"market_maker_v3"}
{"timestamp":"2025-10-27T22:29:02.006973Z","level":"ERROR","fields":{"message":"❌ Order placement failed: Order has invalid size.","log.target":"market_maker_v3","log.module_path":"market_maker_v3","log.file":"src\\bin\\market_maker_v3.rs","log.line":629},"target":"market_maker_v3"}
{"timestamp":"2025-10-27T22:29:03.216352Z","level":"INFO","fields":{"message":"✅ Order placed: SELL 0.5 @ 49.967 (oid: 214327650796)","log.target":"market_maker_v3","log.module_path":"market_maker_v3","log.file":"src\\bin\\market_maker_v3.rs","log.line":591},"target":"market_maker_v3"}
{"timestamp":"2025-10-27T22:29:04.408981Z","level":"ERROR","fields":{"message":"❌ Order placement failed: Order has invalid size.","log.target":"market_maker_v3","log.module_path":"market_maker_v3","log.file":"src\\bin\\market_maker_v3.rs","log.line":629},"target":"market_maker_v3"}
{"timestamp":"2025-10-27T22:29:05.637868Z","level":"ERROR","fields":{"message":"❌ Order placement failed: Order has invalid size.","log.target":"market_maker_v3","log.module_path":"market_maker_v3","log.file":"src\\bin\\market_maker_v3.rs","log.line":629},"target":"market_maker_v3"}
{"timestamp":"2025-10-27T22:29:06.953055Z","level":"ERROR","fields":{"message":"❌ Order placement failed: Order has invalid size.","log.target":"market_maker_v3","log.module_path":"market_maker_v3","log.file":"src\\bin\\market_maker_v3.rs","log.line":629},"target":"market_maker_v3"}
{"timestamp":"2025-10-27T22:29:07.486440Z","level":"INFO","fields":{"message":"✅ Order cancelled: oid 214327614124","log.target":"market_maker_v3","log.module_path":"market_maker_v3","log.file":"src\\bin\\market_maker_v3.rs","log.line":653},"target":"market_maker_v3"}
{"timestamp":"2025-10-27T22:29:08.400839Z","level":"INFO","fields":{"message":"✅ Order cancelled: oid 214327650796","log.target":"market_maker_v3","log.module_path":"market_maker_v3","log.file":"src\\bin\\market_maker_v3.rs","log.line":653},"target":"market_maker_v3"}
{"timestamp":"2025-10-27T22:29:09.790794Z","level":"INFO","fields":{"message":"✅ Order placed: BUY 0.5 @ 47.44 (oid: 214327726484)","log.target":"market_maker_v3","log.module_path":"market_maker_v3","log.file":"src\\bin\\market_maker_v3.rs","log.line":591},"target":"market_maker_v3"}
{"timestamp":"2025-10-27T22:29:10.915791Z","level":"ERROR","fields":{"message":"❌ Order placement failed: Order has invalid size.","log.target":"market_maker_v3","log.module_path":"market_maker_v3","log.file":"src\\bin\\market_maker_v3.rs","log.line":629},"target":"market_maker_v3"}
{"timestamp":"2025-10-27T22:29:12.164918Z","level":"INFO","fields":{"message":"✅ Order placed: SELL 0.5 @ 49.96 (oid: 214327757024)","log.target":"market_maker_v3","log.module_path":"market_maker_v3","log.file":"src\\bin\\market_maker_v3.rs","log.line":591},"target":"market_maker_v3"}
{"timestamp":"2025-10-27T22:29:13.653866Z","level":"ERROR","fields":{"message":"❌ Order placement failed: Order has invalid size.","log.target":"market_maker_v3","log.module_path":"market_maker_v3","log.file":"src\\bin\\market_maker_v3.rs","log.line":629},"target":"market_maker_v3"}
{"timestamp":"2025-10-27T22:29:14.830008Z","level":"ERROR","fields":{"message":"❌ Order placement failed: Order has invalid size.","log.target":"market_maker_v3","log.module_path":"market_maker_v3","log.file":"src\\bin\\market_maker_v3.rs","log.line":629},"target":"market_maker_v3"}
{"timestamp":"2025-10-27T22:29:15.955761Z","level":"ERROR","fields":{"message":"❌ Order placement failed: Order has invalid size.","log.target":"market_maker_v3","log.module_path":"market_maker_v3","log.file":"src\\bin\\market_maker_v3.rs","log.line":629},"target":"market_maker_v3"}
{"timestamp":"2025-10-27T22:29:17.149582Z","level":"ERROR","fields":{"message":"❌ Order placement failed: Order has invalid size.","log.target":"market_maker_v3","log.module_path":"market_maker_v3","log.file":"src\\bin\\market_maker_v3.rs","log.line":629},"target":"market_maker_v3"}
{"timestamp":"2025-10-27T22:29:18.822640Z","level":"ERROR","fields":{"message":"❌ Order placement failed: Order has invalid size.","log.target":"market_maker_v3","log.module_path":"market_maker_v3","log.file":"src\\bin\\market_maker_v3.rs","log.line":629},"target":"market_maker_v3"}
{"timestamp":"2025-10-27T22:29:19.334311Z","level":"INFO","fields":{"message":"✅ Order cancelled: oid 214327726484","log.target":"market_maker_v3","log.module_path":"market_maker_v3","log.file":"src\\bin\\market_maker_v3.rs","log.line":653},"target":"market_maker_v3"}
{"timestamp":"2025-10-27T22:29:20.011791Z","level":"INFO","fields":{"message":"✅ Order cancelled: oid 214327757024","log.target":"market_maker_v3","log.module_path":"market_maker_v3","log.file":"src\\bin\\market_maker_v3.rs","log.line":653},"target":"market_maker_v3"}
{"timestamp":"2025-10-27T22:29:21.324244Z","level":"INFO","fields":{"message":"✅ Order placed: BUY 0.5 @ 47.436 (oid: 214327867921)","log.target":"market_maker_v3","log.module_path":"market_maker_v3","log.file":"src\\bin\\market_maker_v3.rs","log.line":591},"target":"market_maker_v3"}
{"timestamp":"2025-10-27T22:29:22.544932Z","level":"ERROR","fields":{"message":"❌ Order placement failed: Order has invalid size.","log.target":"market_maker_v3","log.module_path":"market_maker_v3","log.file":"src\\bin\\market_maker_v3.rs","log.line":629},"target":"market_maker_v3"}
{"timestamp":"2025-10-27T22:29:23.782181Z","level":"INFO","fields":{"message":"✅ Order placed: SELL 0.5 @ 49.955 (oid: 214327886732)","log.target":"market_maker_v3","log.module_path":"market_maker_v3","log.file":"src\\bin\\market_maker_v3.rs","log.line":591},"target":"market_maker_v3"}
{"timestamp":"2025-10-27T22:29:25.021175Z","level":"ERROR","fields":{"message":"❌ Order placement failed: Order has invalid size.","log.target":"market_maker_v3","log.module_path":"market_maker_v3","log.file":"src\\bin\\market_maker_v3.rs","log.line":629},"target":"market_maker_v3"}
{"timestamp":"2025-10-27T22:29:25.483221Z","level":"INFO","fields":{"message":"✅ Order cancelled: oid 214327867921","log.target":"market_maker_v3","log.module_path":"market_maker_v3","log.file":"src\\bin\\market_maker_v3.rs","log.line":653},"target":"market_maker_v3"}
{"timestamp":"2025-10-27T22:29:26.062163Z","level":"INFO","fields":{"message":"✅ Order cancelled: oid 214327886732","log.target":"market_maker_v3","log.module_path":"market_maker_v3","log.file":"src\\bin\\market_maker_v3.rs","log.line":653},"target":"market_maker_v3"}
{"timestamp":"2025-10-27T22:29:27.224524Z","level":"INFO","fields":{"message":"✅ Order placed: BUY 0.5 @ 47.381 (oid: 214327912386)","log.target":"market_maker_v3","log.module_path":"market_maker_v3","log.file":"src\\bin\\market_maker_v3.rs","log.line":591},"target":"market_maker_v3"}
{"timestamp":"2025-10-27T22:29:28.573108Z","level":"ERROR","fields":{"message":"❌ Order placement failed: Order has invalid size.","log.target":"market_maker_v3","log.module_path":"market_maker_v3","log.file":"src\\bin\\market_maker_v3.rs","log.line":629},"target":"market_maker_v3"}
{"timestamp":"2025-10-27T22:29:30.213870Z","level":"INFO","fields":{"message":"✅ Order placed: SELL 0.5 @ 50.009 (oid: 214327941815)","log.target":"market_maker_v3","log.module_path":"market_maker_v3","log.file":"src\\bin\\market_maker_v3.rs","log.line":591},"target":"market_maker_v3"}
{"timestamp":"2025-10-27T22:29:31.407922Z","level":"ERROR","fields":{"message":"❌ Order placement failed: Order has invalid size.","log.target":"market_maker_v3","log.module_path":"market_maker_v3","log.file":"src\\bin\\market_maker_v3.rs","log.line":629},"target":"market_maker_v3"}
{"timestamp":"2025-10-27T22:29:32.729149Z","level":"ERROR","fields":{"message":"❌ Order placement failed: Order has invalid size.","log.target":"market_maker_v3","log.module_path":"market_maker_v3","log.file":"src\\bin\\market_maker_v3.rs","log.line":629},"target":"market_maker_v3"}
{"timestamp":"2025-10-27T22:29:33.902039Z","level":"ERROR","fields":{"message":"❌ Order placement failed: Order has invalid size.","log.target":"market_maker_v3","log.module_path":"market_maker_v3","log.file":"src\\bin\\market_maker_v3.rs","log.line":629},"target":"market_maker_v3"}
{"timestamp":"2025-10-27T22:29:35.223055Z","level":"ERROR","fields":{"message":"❌ Order placement failed: Order has invalid size.","log.target":"market_maker_v3","log.module_path":"market_maker_v3","log.file":"src\\bin\\market_maker_v3.rs","log.line":629},"target":"market_maker_v3"}
{"timestamp":"2025-10-27T22:29:36.652615Z","level":"ERROR","fields":{"message":"❌ Order placement failed: Order has invalid size.","log.target":"market_maker_v3","log.module_path":"market_maker_v3","log.file":"src\\bin\\market_maker_v3.rs","log.line":629},"target":"market_maker_v3"}
{"timestamp":"2025-10-27T22:29:37.268665Z","level":"INFO","fields":{"message":"✅ Order cancelled: oid 214327912386","log.target":"market_maker_v3","log.module_path":"market_maker_v3","log.file":"src\\bin\\market_maker_v3.rs","log.line":653},"target":"market_maker_v3"}
{"timestamp":"2025-10-27T22:29:37.807846Z","level":"INFO","fields":{"message":"✅ Order cancelled: oid 214327941815","log.target":"market_maker_v3","log.module_path":"market_maker_v3","log.file":"src\\bin\\market_maker_v3.rs","log.line":653},"target":"market_maker_v3"}
{"timestamp":"2025-10-27T22:29:39.049802Z","level":"INFO","fields":{"message":"✅ Order placed: BUY 0.5 @ 47.384 (oid: 214328044590)","log.target":"market_maker_v3","log.module_path":"market_maker_v3","log.file":"src\\bin\\market_maker_v3.rs","log.line":591},"target":"market_maker_v3"}
{"timestamp":"2025-10-27T22:29:40.333871Z","level":"ERROR","fields":{"message":"❌ Order placement failed: Order has invalid size.","log.target":"market_maker_v3","log.module_path":"market_maker_v3","log.file":"src\\bin\\market_maker_v3.rs","log.line":629},"target":"market_maker_v3"}
{"timestamp":"2025-10-27T22:29:41.650910Z","level":"INFO","fields":{"message":"✅ Order placed: SELL 0.5 @ 50.012 (oid: 214328080502)","log.target":"market_maker_v3","log.module_path":"market_maker_v3","log.file":"src\\bin\\market_maker_v3.rs","log.line":591},"target":"market_maker_v3"}
{"timestamp":"2025-10-27T22:29:42.954436Z","level":"ERROR","fields":{"message":"❌ Order placement failed: Order has invalid size.","log.target":"market_maker_v3","log.module_path":"market_maker_v3","log.file":"src\\bin\\market_maker_v3.rs","log.line":629},"target":"market_maker_v3"}
{"timestamp":"2025-10-27T22:29:42.955863Z","level":"INFO","fields":{"message":"📊 Fill processed: BUY 0.5 @ 48.709 | Position: 0.5 | Realized PnL: 0.00 | Unrealized PnL: 0.00","log.target":"market_maker_v3","log.module_path":"market_maker_v3","log.file":"src\\bin\\market_maker_v3.rs","log.line":497},"target":"market_maker_v3"}
{"timestamp":"2025-10-27T22:29:43.518508Z","level":"INFO","fields":{"message":"✅ Order cancelled: oid 214328044590","log.target":"market_maker_v3","log.module_path":"market_maker_v3","log.file":"src\\bin\\market_maker_v3.rs","log.line":653},"target":"market_maker_v3"}
{"timestamp":"2025-10-27T22:29:44.839411Z","level":"ERROR","fields":{"message":"❌ Order placement failed: Order has invalid size.","log.target":"market_maker_v3","log.module_path":"market_maker_v3","log.file":"src\\bin\\market_maker_v3.rs","log.line":629},"target":"market_maker_v3"}
{"timestamp":"2025-10-27T22:29:45.943840Z","level":"ERROR","fields":{"message":"❌ Order placement failed: Order has invalid size.","log.target":"market_maker_v3","log.module_path":"market_maker_v3","log.file":"src\\bin\\market_maker_v3.rs","log.line":629},"target":"market_maker_v3"}
{"timestamp":"2025-10-27T22:29:47.224861Z","level":"ERROR","fields":{"message":"❌ Order placement failed: Order has invalid size.","log.target":"market_maker_v3","log.module_path":"market_maker_v3","log.file":"src\\bin\\market_maker_v3.rs","log.line":629},"target":"market_maker_v3"}
{"timestamp":"2025-10-27T22:29:47.875533Z","level":"INFO","fields":{"message":"✅ Order cancelled: oid 214328080502","log.target":"market_maker_v3","log.module_path":"market_maker_v3","log.file":"src\\bin\\market_maker_v3.rs","log.line":653},"target":"market_maker_v3"}
{"timestamp":"2025-10-27T22:29:49.458282Z","level":"ERROR","fields":{"message":"❌ Order placement failed: Order has invalid size.","log.target":"market_maker_v3","log.module_path":"market_maker_v3","log.file":"src\\bin\\market_maker_v3.rs","log.line":629},"target":"market_maker_v3"}
{"timestamp":"2025-10-27T22:29:50.697882Z","level":"ERROR","fields":{"message":"❌ Order placement failed: Order has invalid size.","log.target":"market_maker_v3","log.module_path":"market_maker_v3","log.file":"src\\bin\\market_maker_v3.rs","log.line":629},"target":"market_maker_v3"}
{"timestamp":"2025-10-27T22:29:51.843283Z","level":"INFO","fields":{"message":"✅ Order placed: SELL 0.5 @ 50.008 (oid: 214328187950)","log.target":"market_maker_v3","log.module_path":"market_maker_v3","log.file":"src\\bin\\market_maker_v3.rs","log.line":591},"target":"market_maker_v3"}
{"timestamp":"2025-10-27T22:29:53.048417Z","level":"ERROR","fields":{"message":"❌ Order placement failed: Order has invalid size.","log.target":"market_maker_v3","log.module_path":"market_maker_v3","log.file":"src\\bin\\market_maker_v3.rs","log.line":629},"target":"market_maker_v3"}
{"timestamp":"2025-10-27T22:29:53.712339Z","level":"INFO","fields":{"message":"✅ Order cancelled: oid 214328187950","log.target":"market_maker_v3","log.module_path":"market_maker_v3","log.file":"src\\bin\\market_maker_v3.rs","log.line":653},"target":"market_maker_v3"}
{"timestamp":"2025-10-27T22:29:55.294924Z","level":"INFO","fields":{"message":"✅ Order placed: BUY 0.5 @ 47.322 (oid: 214328220046)","log.target":"market_maker_v3","log.module_path":"market_maker_v3","log.file":"src\\bin\\market_maker_v3.rs","log.line":591},"target":"market_maker_v3"}
{"timestamp":"2025-10-27T22:29:56.451049Z","level":"ERROR","fields":{"message":"❌ Order placement failed: Order has invalid size.","log.target":"market_maker_v3","log.module_path":"market_maker_v3","log.file":"src\\bin\\market_maker_v3.rs","log.line":629},"target":"market_maker_v3"}
{"timestamp":"2025-10-27T22:29:57.716332Z","level":"INFO","fields":{"message":"✅ Order placed: SELL 0.5 @ 50.065 (oid: 214328246692)","log.target":"market_maker_v3","log.module_path":"market_maker_v3","log.file":"src\\bin\\market_maker_v3.rs","log.line":591},"target":"market_maker_v3"}
{"timestamp":"2025-10-27T22:29:59.096394Z","level":"ERROR","fields":{"message":"❌ Order placement failed: Order has invalid size.","log.target":"market_maker_v3","log.module_path":"market_maker_v3","log.file":"src\\bin\\market_maker_v3.rs","log.line":629},"target":"market_maker_v3"}
{"timestamp":"2025-10-27T22:30:00.218698Z","level":"ERROR","fields":{"message":"❌ Order placement failed: Order has invalid size.","log.target":"market_maker_v3","log.module_path":"market_maker_v3","log.file":"src\\bin\\market_maker_v3.rs","log.line":629},"target":"market_maker_v3"}
{"timestamp":"2025-10-27T22:30:01.335973Z","level":"ERROR","fields":{"message":"❌ Order placement failed: Order has invalid size.","log.target":"market_maker_v3","log.module_path":"market_maker_v3","log.file":"src\\bin\\market_maker_v3.rs","log.line":629},"target":"market_maker_v3"}
{"timestamp":"2025-10-27T22:30:01.774888Z","level":"INFO","fields":{"message":"✅ Order cancelled: oid 214328220046","log.target":"market_maker_v3","log.module_path":"market_maker_v3","log.file":"src\\bin\\market_maker_v3.rs","log.line":653},"target":"market_maker_v3"}
{"timestamp":"2025-10-27T22:30:02.150309Z","level":"INFO","fields":{"message":"✅ Order cancelled: oid 214328246692","log.target":"market_maker_v3","log.module_path":"market_maker_v3","log.file":"src\\bin\\market_maker_v3.rs","log.line":653},"target":"market_maker_v3"}
{"timestamp":"2025-10-27T22:30:03.542572Z","level":"INFO","fields":{"message":"✅ Order placed: BUY 0.5 @ 47.319 (oid: 214328288130)","log.target":"market_maker_v3","log.module_path":"market_maker_v3","log.file":"src\\bin\\market_maker_v3.rs","log.line":591},"target":"market_maker_v3"}
{"timestamp":"2025-10-27T22:30:04.791135Z","level":"ERROR","fields":{"message":"❌ Order placement failed: Order has invalid size.","log.target":"market_maker_v3","log.module_path":"market_maker_v3","log.file":"src\\bin\\market_maker_v3.rs","log.line":629},"target":"market_maker_v3"}
{"timestamp":"2025-10-27T22:30:06.061809Z","level":"INFO","fields":{"message":"✅ Order placed: SELL 0.5 @ 50.062 (oid: 214328309518)","log.target":"market_maker_v3","log.module_path":"market_maker_v3","log.file":"src\\bin\\market_maker_v3.rs","log.line":591},"target":"market_maker_v3"}
{"timestamp":"2025-10-27T22:30:07.257074Z","level":"ERROR","fields":{"message":"❌ Order placement failed: Order has invalid size.","log.target":"market_maker_v3","log.module_path":"market_maker_v3","log.file":"src\\bin\\market_maker_v3.rs","log.line":629},"target":"market_maker_v3"}
{"timestamp":"2025-10-27T22:30:08.477781Z","level":"ERROR","fields":{"message":"❌ Order placement failed: Order has invalid size.","log.target":"market_maker_v3","log.module_path":"market_maker_v3","log.file":"src\\bin\\market_maker_v3.rs","log.line":629},"target":"market_maker_v3"}
